58
CastOSProv6
LarryX
ClassroomMaxv2
TatiyanaCSusanQ 
StreamXv6
JenKBakhodirW SundarH BenjaminO SergeyN ClementM FionaJ ClementT 
BuildMaxv1
MichalBRuthX NellyY BakhodirG PetarF SergeyV 
ConnectLitev9
SundarA
WebserverProv6
PhilippP
DocsNextv2
MatasCSundarP ClementL 
GameProv3
PhilippY
StreamXv9
LarryO
SlidesNextv2
JenZPhilippH 
ShoppingProv8
FionaNPhilippI 
DaydreamLitev7
BenjaminO
MarsXv1
HiroshiFFionaJ ClementT MichalB MatasH MichalP 
MapsProv8
StefanQHiroshiW LarryX 
StreetViewXv1
TatiyanaCJenK FionaF 
SitesSv1
SergeyUClementL 
FuchsiaXv6
SergeyVSundarA 
GameProv6
LarryOSusanQ SergeyT 
GameLitev8
PhilippPPhilippK MatasW SergeyN 
ResearchXv8
SundarPClementM BenjaminO MatasC ClementE 
ShortsNextv7
HiroshiFFionaF PhilippY 
FeedBurnerMaxv3
TatiyanaCLarryO 
AndroidAutoZv2
JenKPhilippH PhilippI LarryX SergeyU 
GlassOSSv3
MatasWJenZ 
AndroidTVMaxv5
PrabhakarRSundarP PhilippK 
ChromeOSLitev3
PhilippPHiroshiW PhilippY 
ExploreUltrav8
SergeyVLarryX ClementM HiroshiF FionaJ ClementT SusanQ ClementE 
ChromeOSUltrav5
JenKPhilippH SergeyU HiroshiW PhilippK ClementL 
SmartLitev9
JenZThomasK PhilippP 
DuoZv2
PhilippYSundarP FionaF 
WearOSLitev5
NellyYLarryX TatiyanaC MatasC PhilippI 
GlassOSLitev9
FionaJBakhodirG PetarF SundarA PhilippK HiroshiF PrabhakarR PhilippH 
BloggerNextv8
PhilippPClementE MatasW SergeyV SundarL 
StreetViewNextv3
SusanQPhilippH JenZ 
DuoZv4
FionaJThomasK SundarP LarryX PhilippK RuthX ThomasM 
StadiaZv1
TatiyanaCClementM BenjaminT PhilippP 
FeedBurnerMaxv1
MichalBThomasK ClementL HiroshiF PrabhakarR 
CollectionsZv7
HiroshiWSergeyV SundarL LarryX PhilippI SundarA SergeyN FionaJ ClementT 
VoiceProv8
MatasCMatasW ClementE ClementM TatiyanaC 
ChromeNextv7
SergeyVLarryX PhilippY 
MapsUltrav3
TatiyanaCHiroshiW PhilippP 
StreetViewProv9
HiroshiBSundarA JenK MatasC ClementE MatasW PhilippK NellyY LarryO 
ChatSv4
TatiyanaCBakhodirG PetarF PhilippP JenZ 
ReleaseUltrav1
FionaJLarryX 
AssistantUltrav2
MatasCSergeyU StefanQ SergeyT MichalP BenjaminO PhilippP 
MarsLitev5
LarryXTatiyanaC 
StreetViewUltrav4
HiroshiWSergeyU JenZ 
KeepXv5
PhilippPHiroshiF PrabhakarR MichalP 
MoonMaxv4
MichalPHiroshiW FionaF SundarA BenjaminO ThomasM StefanQ SergeyT ThomasK HiroshiF PrabhakarR LarryX 
MarsUltrav8
PhilippISergeyU SusanQ PhilippP StefanQ SergeyT BenjaminT RuthX BakhodirG PetarF MatasW 
SearchNextv1
SergeyVThomasM MichalB SundarP ThomasK 
DreamSv2
SusanQPhilippP SergeyN LarryO PhilippI MatasW 
StadiaZv2
MatasHBakhodirG PetarF JenZ MichalP FionaF ThomasK 
SkyLitev6
TatiyanaCThomasM PhilippI 
SantaTrackerXv4
HiroshiWThomasM ClementE BakhodirG PetarF ClementL FionaJ ClementT SergeyU PhilippH SusanQ MichalP 
WebserverProv4
HiroshiFNellyX MichalZ PhilippP PhilippI PhilippH ClementE SergeyU MatasW PhilippY 
DuoMaxv1
ClementTNellyY PhilippI PhilippP ClementL 
CultureProv7
FionaJMatasW TatiyanaC PhilippY SergeyU ThomasM BenjaminO ClementE 
